<?xml version="1.0" encoding="UTF-8"?>
<testsuite xmlns:xsi="http://www.w3.org/2001/XMLSchema-instance" xsi:noNamespaceSchemaLocation="https://maven.apache.org/surefire/maven-surefire-plugin/xsd/surefire-test-report.xsd" name="com.jongminkim.demorestapi.events.EventTest" time="0.091" tests="9" errors="0" skipped="0" failures="0">
  <properties>
[...]
</properties>
  <testcase name="testOffline(얼바인, true) [0]" classname="com.jongminkim.demorestapi.events.EventTest" time="0.052"/>
  <testcase name="testOffline(null, false) [1]" classname="com.jongminkim.demorestapi.events.EventTest" time="0"/>
  <testcase name="testOffline(, false) [2]" classname="com.jongminkim.demorestapi.events.EventTest" time="0"/>
  <testcase name="testFree(0, 0, true) [0]" classname="com.jongminkim.demorestapi.events.EventTest" time="0.001"/>
  <testcase name="testFree(100, 0, false) [1]" classname="com.jongminkim.demorestapi.events.EventTest" time="0"/>
  <testcase name="testFree(0, 100, false) [2]" classname="com.jongminkim.demorestapi.events.EventTest" time="0"/>
  <testcase name="testFree(100, 200, false) [3]" classname="com.jongminkim.demorestapi.events.EventTest" time="0"/>
  <testcase name="javaBean" classname="com.jongminkim.demorestapi.events.EventTest" time="0.003"/>
  <testcase name="builder" classname="com.jongminkim.demorestapi.events.EventTest" time="0.001"/>
</testsuite>